{
  "stats": {
    "suites": 1,
    "tests": 1,
    "passes": 1,
    "pending": 0,
    "failures": 0,
    "start": "2021-07-05T15:44:05.672Z",
    "end": "2021-07-05T15:44:30.391Z",
    "duration": 24719,
    "testsRegistered": 1,
    "passPercent": 100,
    "pendingPercent": 0,
    "other": 0,
    "hasOther": false,
    "skipped": 0,
    "hasSkipped": false
  },
  "results": [
    {
      "uuid": "5ff7a08e-3ddf-4e44-a5e0-6bc675602cb9",
      "title": "",
      "fullFile": "cypress/integration/newUser.spec.js",
      "file": "cypress/integration/newUser.spec.js",
      "beforeHooks": [],
      "afterHooks": [],
      "tests": [],
      "suites": [
        {
          "uuid": "3df0c8f5-aeb5-47c8-830a-212a13f08140",
          "title": "Cadastro de um novo Usuario",
          "fullFile": "",
          "file": "",
          "beforeHooks": [],
          "afterHooks": [],
          "tests": [
            {
              "title": "Cadastrar o usuario novo no site de Testes",
              "fullTitle": "Cadastro de um novo Usuario Cadastrar o usuario novo no site de Testes",
              "timedOut": null,
              "duration": 24652,
              "state": "passed",
              "speed": "slow",
              "pass": true,
              "fail": false,
              "pending": false,
              "context": null,
              "code": "cy.visit(\"http://automationpractice.com\");\ncy.get('.login').click();\ncy.get('#email_create').type(chance.email());\ncy.get('#SubmitCreate > span').click(); //Preencher Cadastro\ncy.get('#id_gender1').check();\ncy.get('#customer_firstname').type(chance.first());\ncy.get('#customer_lastname').type(chance.last());\ncy.get('#passwd').type('123456');\ncy.get('#days').select('18');\ncy.get('#months').select('November');\ncy.get('#years').select('1988');\ncy.get('#newsletter').check();\ncy.get('#optin').check();\ncy.get('#address1').type(chance.address());\ncy.get('#city').type(chance.city());\ncy.get('#id_state').select('Arkansas');\ncy.get('#postcode').type(chance.zip());\ncy.get('#phone_mobile').type(chance.phone({\n  formatted: false\n}));\ncy.get('#alias').clear();\ncy.get('#alias').type('Agilizei');\ncy.get('#submitAccount > span').click();\ncy.url().should('contain', 'index.php?controller=my-account');\ncy.get('.info-account').should('contain.text', 'Welcome to your account');",
              "err": {},
              "uuid": "90af6e35-3472-41ff-a0f1-abcb4baabf6c",
              "parentUUID": "3df0c8f5-aeb5-47c8-830a-212a13f08140",
              "isHook": false,
              "skipped": false
            }
          ],
          "suites": [],
          "passes": [
            "90af6e35-3472-41ff-a0f1-abcb4baabf6c"
          ],
          "failures": [],
          "pending": [],
          "skipped": [],
          "duration": 24652,
          "root": false,
          "rootEmpty": false,
          "_timeout": 2000
        }
      ],
      "passes": [],
      "failures": [],
      "pending": [],
      "skipped": [],
      "duration": 0,
      "root": true,
      "rootEmpty": true,
      "_timeout": 2000
    }
  ],
  "meta": {
    "mocha": {
      "version": "7.0.1"
    },
    "mochawesome": {
      "options": {
        "quiet": true,
        "reportFilename": "mochawesome",
        "saveHtml": false,
        "saveJson": true,
        "consoleReporter": "spec",
        "useInlineDiffs": false,
        "code": true
      },
      "version": "6.2.2"
    },
    "marge": {
      "options": {
        "id": "default",
        "reportDir": "mochawesome-report",
        "quiet": true,
        "overwrite": false,
        "html": false,
        "json": true
      },
      "version": "5.2.0"
    }
  }
}